17:02:10.232 [main] INFO  com.xgn.fzc.Main - (StartupInfoLogger.java:5017:02:10.237 [main] INFO  com.xgn.fzc.Main - (SpringApplication.java:65917:02:10.296 [main] INFO  o.s.b.w.s.c.AnnotationConfigServletWebServerApplicationContext - (AbstractApplicationContext.java:59017:02:11.222 [main] INFO  o.s.b.w.e.tomcat.TomcatWebServer - (TomcatWebServer.java:9117:02:11.238 [main] INFO  o.a.coyote.http11.Http11NioProtocol - (DirectJDKLog.java:18017:02:11.252 [main] INFO  o.a.catalina.core.StandardService - (DirectJDKLog.java:18017:02:11.252 [main] INFO  o.a.catalina.core.StandardEngine - (DirectJDKLog.java:18017:02:11.266 [localhost-startStop-1] INFO  o.a.c.core.AprLifecycleListener - (DirectJDKLog.java:18017:02:11.370 [localhost-startStop-1] INFO  o.a.c.c.C.[Tomcat].[localhost].[/] - (DirectJDKLog.java:18017:02:11.371 [localhost-startStop-1] INFO  o.s.web.context.ContextLoader - (ServletWebServerApplicationContext.java:28517:02:11.518 [localhost-startStop-1] INFO  o.s.b.w.s.ServletRegistrationBean - (ServletRegistrationBean.java:18517:02:11.522 [localhost-startStop-1] INFO  o.s.b.w.s.FilterRegistrationBean - (AbstractFilterRegistrationBean.java:24417:02:11.522 [localhost-startStop-1] INFO  o.s.b.w.s.FilterRegistrationBean - (AbstractFilterRegistrationBean.java:24417:02:11.523 [localhost-startStop-1] INFO  o.s.b.w.s.FilterRegistrationBean - (AbstractFilterRegistrationBean.java:24417:02:11.523 [localhost-startStop-1] INFO  o.s.b.w.s.FilterRegistrationBean - (AbstractFilterRegistrationBean.java:24417:02:11.650 [main] INFO  o.s.w.s.h.SimpleUrlHandlerMapping - (AbstractUrlHandlerMapping.java:37317:02:11.835 [main] INFO  o.s.w.s.m.m.a.RequestMappingHandlerAdapter - (RequestMappingHandlerAdapter.java:57417:02:11.902 [main] INFO  o.s.w.s.m.m.a.RequestMappingHandlerMapping - (AbstractHandlerMethodMapping.java:54717:02:11.903 [main] INFO  o.s.w.s.m.m.a.RequestMappingHandlerMapping - (AbstractHandlerMethodMapping.java:54717:02:11.930 [main] INFO  o.s.w.s.h.SimpleUrlHandlerMapping - (AbstractUrlHandlerMapping.java:37317:02:11.930 [main] INFO  o.s.w.s.h.SimpleUrlHandlerMapping - (AbstractUrlHandlerMapping.java:37317:02:12.058 [main] INFO  o.s.j.e.a.AnnotationMBeanExporter - (MBeanExporter.java:43317:02:12.071 [main] INFO  o.a.coyote.http11.Http11NioProtocol - (DirectJDKLog.java:18017:02:12.097 [main] INFO  o.a.tomcat.util.net.NioSelectorPool - (DirectJDKLog.java:18017:02:12.108 [main] INFO  o.s.b.w.e.tomcat.TomcatWebServer - (TomcatWebServer.java:20617:02:12.112 [main] INFO  com.xgn.fzc.Main - (StartupInfoLogger.java:5917:02:12.114 [main] INFO  com.xgn.fzc.MyRunner - (MyRunner.java:2217:02:12.114 [main] ERROR com.xgn.fzc.MyRunner - (MyRunner.java:2417:02:12.115 [main] WARN  com.xgn.fzc.MyRunner - (MyRunner.java:2517:02:15.201 [Thread-3] INFO  o.s.b.w.s.c.AnnotationConfigServletWebServerApplicationContext - (AbstractApplicationContext.java:99317:02:15.203 [Thread-3] INFO  o.s.j.e.a.AnnotationMBeanExporter - (MBeanExporter.java:451[36m17:03:26.247[0;39m [1;35m[main][0;39m [34mINFO [0;39m [1;33mcom.xgn.fzc.Main[0;39m - (StartupInfoLogger.java:50) - [32mStarting Main on fanzhengchens-MacBook-Pro.local with PID 22975 (/Users/fanzhengchen/IntellijProjects/springbootlearn/bean-factory/target/classes started by fanzhengchen in /Users/fanzhengchen/IntellijProjects/springbootlearn)
[0;39m[36m17:03:26.252[0;39m [1;35m[main][0;39m [34mINFO [0;39m [1;33mcom.xgn.fzc.Main[0;39m - (SpringApplication.java:659) - [32mNo active profile set, falling back to default profiles: default
[0;39m[36m17:03:26.319[0;39m [1;35m[main][0;39m [34mINFO [0;39m [1;33mo.s.b.w.s.c.AnnotationConfigServletWebServerApplicationContext[0;39m - (AbstractApplicationContext.java:590) - [32mRefreshing org.springframework.boot.web.servlet.context.AnnotationConfigServletWebServerApplicationContext@48aaecc3: startup date [Sun Jul 22 17:03:26 CST 2018]; root of context hierarchy
[0;39m[36m17:03:27.514[0;39m [1;35m[main][0;39m [34mINFO [0;39m [1;33mo.s.b.w.e.tomcat.TomcatWebServer[0;39m - (TomcatWebServer.java:91) - [32mTomcat initialized with port(s): 8080 (http)
[0;39m[36m17:03:27.533[0;39m [1;35m[main][0;39m [34mINFO [0;39m [1;33mo.a.coyote.http11.Http11NioProtocol[0;39m - (DirectJDKLog.java:180) - [32mInitializing ProtocolHandler ["http-nio-8080"]
[0;39m[36m17:03:27.544[0;39m [1;35m[main][0;39m [34mINFO [0;39m [1;33mo.a.catalina.core.StandardService[0;39m - (DirectJDKLog.java:180) - [32mStarting service [Tomcat]
[0;39m[36m17:03:27.545[0;39m [1;35m[main][0;39m [34mINFO [0;39m [1;33mo.a.catalina.core.StandardEngine[0;39m - (DirectJDKLog.java:180) - [32mStarting Servlet Engine: Apache Tomcat/8.5.31
[0;39m[36m17:03:27.560[0;39m [1;35m[localhost-startStop-1][0;39m [34mINFO [0;39m [1;33mo.a.c.core.AprLifecycleListener[0;39m - (DirectJDKLog.java:180) - [32mThe APR based Apache Tomcat Native library which allows optimal performance in production environments was not found on the java.library.path: [/Users/fanzhengchen/Library/Java/Extensions:/Library/Java/Extensions:/Network/Library/Java/Extensions:/System/Library/Java/Extensions:/usr/lib/java:.]
[0;39m[36m17:03:27.659[0;39m [1;35m[localhost-startStop-1][0;39m [34mINFO [0;39m [1;33mo.a.c.c.C.[Tomcat].[localhost].[/][0;39m - (DirectJDKLog.java:180) - [32mInitializing Spring embedded WebApplicationContext
[0;39m[36m17:03:27.659[0;39m [1;35m[localhost-startStop-1][0;39m [34mINFO [0;39m [1;33mo.s.web.context.ContextLoader[0;39m - (ServletWebServerApplicationContext.java:285) - [32mRoot WebApplicationContext: initialization completed in 1340 ms
[0;39m[36m17:03:27.790[0;39m [1;35m[localhost-startStop-1][0;39m [34mINFO [0;39m [1;33mo.s.b.w.s.ServletRegistrationBean[0;39m - (ServletRegistrationBean.java:185) - [32mServlet dispatcherServlet mapped to [/]
[0;39m[36m17:03:27.793[0;39m [1;35m[localhost-startStop-1][0;39m [34mINFO [0;39m [1;33mo.s.b.w.s.FilterRegistrationBean[0;39m - (AbstractFilterRegistrationBean.java:244) - [32mMapping filter: 'characterEncodingFilter' to: [/*]
[0;39m[36m17:03:27.794[0;39m [1;35m[localhost-startStop-1][0;39m [34mINFO [0;39m [1;33mo.s.b.w.s.FilterRegistrationBean[0;39m - (AbstractFilterRegistrationBean.java:244) - [32mMapping filter: 'hiddenHttpMethodFilter' to: [/*]
[0;39m[36m17:03:27.794[0;39m [1;35m[localhost-startStop-1][0;39m [34mINFO [0;39m [1;33mo.s.b.w.s.FilterRegistrationBean[0;39m - (AbstractFilterRegistrationBean.java:244) - [32mMapping filter: 'httpPutFormContentFilter' to: [/*]
[0;39m[36m17:03:27.794[0;39m [1;35m[localhost-startStop-1][0;39m [34mINFO [0;39m [1;33mo.s.b.w.s.FilterRegistrationBean[0;39m - (AbstractFilterRegistrationBean.java:244) - [32mMapping filter: 'requestContextFilter' to: [/*]
[0;39m[36m17:03:27.914[0;39m [1;35m[main][0;39m [34mINFO [0;39m [1;33mo.s.w.s.h.SimpleUrlHandlerMapping[0;39m - (AbstractUrlHandlerMapping.java:373) - [32mMapped URL path [/**/favicon.ico] onto handler of type [class org.springframework.web.servlet.resource.ResourceHttpRequestHandler]
[0;39m[36m17:03:28.110[0;39m [1;35m[main][0;39m [34mINFO [0;39m [1;33mo.s.w.s.m.m.a.RequestMappingHandlerAdapter[0;39m - (RequestMappingHandlerAdapter.java:574) - [32mLooking for @ControllerAdvice: org.springframework.boot.web.servlet.context.AnnotationConfigServletWebServerApplicationContext@48aaecc3: startup date [Sun Jul 22 17:03:26 CST 2018]; root of context hierarchy
[0;39m[36m17:03:28.169[0;39m [1;35m[main][0;39m [34mINFO [0;39m [1;33mo.s.w.s.m.m.a.RequestMappingHandlerMapping[0;39m - (AbstractHandlerMethodMapping.java:547) - [32mMapped "{[/error]}" onto public org.springframework.http.ResponseEntity<java.util.Map<java.lang.String, java.lang.Object>> org.springframework.boot.autoconfigure.web.servlet.error.BasicErrorController.error(javax.servlet.http.HttpServletRequest)
[0;39m[36m17:03:28.170[0;39m [1;35m[main][0;39m [34mINFO [0;39m [1;33mo.s.w.s.m.m.a.RequestMappingHandlerMapping[0;39m - (AbstractHandlerMethodMapping.java:547) - [32mMapped "{[/error],produces=[text/html]}" onto public org.springframework.web.servlet.ModelAndView org.springframework.boot.autoconfigure.web.servlet.error.BasicErrorController.errorHtml(javax.servlet.http.HttpServletRequest,javax.servlet.http.HttpServletResponse)
[0;39m[36m17:03:28.190[0;39m [1;35m[main][0;39m [34mINFO [0;39m [1;33mo.s.w.s.h.SimpleUrlHandlerMapping[0;39m - (AbstractUrlHandlerMapping.java:373) - [32mMapped URL path [/webjars/**] onto handler of type [class org.springframework.web.servlet.resource.ResourceHttpRequestHandler]
[0;39m[36m17:03:28.190[0;39m [1;35m[main][0;39m [34mINFO [0;39m [1;33mo.s.w.s.h.SimpleUrlHandlerMapping[0;39m - (AbstractUrlHandlerMapping.java:373) - [32mMapped URL path [/**] onto handler of type [class org.springframework.web.servlet.resource.ResourceHttpRequestHandler]
[0;39m[36m17:03:28.295[0;39m [1;35m[main][0;39m [34mINFO [0;39m [1;33mo.s.j.e.a.AnnotationMBeanExporter[0;39m - (MBeanExporter.java:433) - [32mRegistering beans for JMX exposure on startup
[0;39m[36m17:03:28.309[0;39m [1;35m[main][0;39m [34mINFO [0;39m [1;33mo.a.coyote.http11.Http11NioProtocol[0;39m - (DirectJDKLog.java:180) - [32mStarting ProtocolHandler ["http-nio-8080"]
[0;39m[36m17:03:28.336[0;39m [1;35m[main][0;39m [34mINFO [0;39m [1;33mo.a.tomcat.util.net.NioSelectorPool[0;39m - (DirectJDKLog.java:180) - [32mUsing a shared selector for servlet write/read
[0;39m[36m17:03:28.348[0;39m [1;35m[main][0;39m [34mINFO [0;39m [1;33mo.s.b.w.e.tomcat.TomcatWebServer[0;39m - (TomcatWebServer.java:206) - [32mTomcat started on port(s): 8080 (http) with context path ''
[0;39m[36m17:03:28.355[0;39m [1;35m[main][0;39m [34mINFO [0;39m [1;33mcom.xgn.fzc.Main[0;39m - (StartupInfoLogger.java:59) - [32mStarted Main in 2.512 seconds (JVM running for 2.983)
[0;39m[36m17:03:28.358[0;39m [1;35m[main][0;39m [34mINFO [0;39m [1;33mcom.xgn.fzc.MyRunner[0;39m - (MyRunner.java:22) - [32mMyRunner Info
[0;39m[36m17:03:28.358[0;39m [1;35m[main][0;39m [1;31mERROR[0;39m [1;33mcom.xgn.fzc.MyRunner[0;39m - (MyRunner.java:24) - [32mMyRunner error
[0;39m[36m17:03:28.358[0;39m [1;35m[main][0;39m [31mWARN [0;39m [1;33mcom.xgn.fzc.MyRunner[0;39m - (MyRunner.java:25) - [32mMyRunner warn
[0;39m[36m17:03:31.633[0;39m [1;35m[Thread-3][0;39m [34mINFO [0;39m [1;33mo.s.b.w.s.c.AnnotationConfigServletWebServerApplicationContext[0;39m - (AbstractApplicationContext.java:993) - [32mClosing org.springframework.boot.web.servlet.context.AnnotationConfigServletWebServerApplicationContext@48aaecc3: startup date [Sun Jul 22 17:03:26 CST 2018]; root of context hierarchy
[0;39m[36m17:03:31.635[0;39m [1;35m[Thread-3][0;39m [34mINFO [0;39m [1;33mo.s.j.e.a.AnnotationMBeanExporter[0;39m - (MBeanExporter.java:451) - [32mUnregistering JMX-exposed beans on shutdown
[0;39m17:04:17.045 [main] INFO  com.xgn.fzc.Main - (StartupInfoLogger.java:5017:04:17.053 [main] INFO  com.xgn.fzc.Main - (SpringApplication.java:65917:04:17.149 [main] INFO  o.s.b.w.s.c.AnnotationConfigServletWebServerApplicationContext - (AbstractApplicationContext.java:59017:04:18.044 [main] INFO  o.s.b.w.e.tomcat.TomcatWebServer - (TomcatWebServer.java:9117:04:18.059 [main] INFO  o.a.coyote.http11.Http11NioProtocol - (DirectJDKLog.java:18017:04:18.069 [main] INFO  o.a.catalina.core.StandardService - (DirectJDKLog.java:18017:04:18.069 [main] INFO  o.a.catalina.core.StandardEngine - (DirectJDKLog.java:18017:04:18.079 [localhost-startStop-1] INFO  o.a.c.core.AprLifecycleListener - (DirectJDKLog.java:18017:04:18.164 [localhost-startStop-1] INFO  o.a.c.c.C.[Tomcat].[localhost].[/] - (DirectJDKLog.java:18017:04:18.164 [localhost-startStop-1] INFO  o.s.web.context.ContextLoader - (ServletWebServerApplicationContext.java:28517:04:18.279 [localhost-startStop-1] INFO  o.s.b.w.s.ServletRegistrationBean - (ServletRegistrationBean.java:18517:04:18.283 [localhost-startStop-1] INFO  o.s.b.w.s.FilterRegistrationBean - (AbstractFilterRegistrationBean.java:24417:04:18.284 [localhost-startStop-1] INFO  o.s.b.w.s.FilterRegistrationBean - (AbstractFilterRegistrationBean.java:24417:04:18.284 [localhost-startStop-1] INFO  o.s.b.w.s.FilterRegistrationBean - (AbstractFilterRegistrationBean.java:24417:04:18.284 [localhost-startStop-1] INFO  o.s.b.w.s.FilterRegistrationBean - (AbstractFilterRegistrationBean.java:24417:04:18.413 [main] INFO  o.s.w.s.h.SimpleUrlHandlerMapping - (AbstractUrlHandlerMapping.java:37317:04:18.588 [main] INFO  o.s.w.s.m.m.a.RequestMappingHandlerAdapter - (RequestMappingHandlerAdapter.java:57417:04:18.653 [main] INFO  o.s.w.s.m.m.a.RequestMappingHandlerMapping - (AbstractHandlerMethodMapping.java:54717:04:18.654 [main] INFO  o.s.w.s.m.m.a.RequestMappingHandlerMapping - (AbstractHandlerMethodMapping.java:54717:04:18.674 [main] INFO  o.s.w.s.h.SimpleUrlHandlerMapping - (AbstractUrlHandlerMapping.java:37317:04:18.674 [main] INFO  o.s.w.s.h.SimpleUrlHandlerMapping - (AbstractUrlHandlerMapping.java:37317:04:18.787 [main] INFO  o.s.j.e.a.AnnotationMBeanExporter - (MBeanExporter.java:43317:04:18.803 [main] INFO  o.a.coyote.http11.Http11NioProtocol - (DirectJDKLog.java:18017:04:18.833 [main] INFO  o.a.tomcat.util.net.NioSelectorPool - (DirectJDKLog.java:18017:04:18.855 [main] INFO  o.s.b.w.e.tomcat.TomcatWebServer - (TomcatWebServer.java:20617:04:18.861 [main] INFO  com.xgn.fzc.Main - (StartupInfoLogger.java:5917:04:18.864 [main] INFO  com.xgn.fzc.MyRunner - (MyRunner.java:2217:04:18.864 [main] ERROR com.xgn.fzc.MyRunner - (MyRunner.java:2417:04:18.864 [main] WARN  com.xgn.fzc.MyRunner - (MyRunner.java:2517:04:22.404 [Thread-3] INFO  o.s.b.w.s.c.AnnotationConfigServletWebServerApplicationContext - (AbstractApplicationContext.java:99317:04:22.407 [Thread-3] INFO  o.s.j.e.a.AnnotationMBeanExporter - (MBeanExporter.java:4512018-07-22 17:41:07 : Application run failed
java.lang.IllegalStateException: Logback configuration error detected: 
ERROR in ch.qos.logback.core.joran.action.NestedComplexPropertyIA - Could not find an appropriate class for property [layout]
	at org.springframework.boot.logging.logback.LogbackLoggingSystem.loadConfiguration(LogbackLoggingSystem.java:166)
	at org.springframework.boot.logging.AbstractLoggingSystem.initializeWithConventions(AbstractLoggingSystem.java:82)
	at org.springframework.boot.logging.AbstractLoggingSystem.initialize(AbstractLoggingSystem.java:60)
	at org.springframework.boot.logging.logback.LogbackLoggingSystem.initialize(LogbackLoggingSystem.java:114)
	at org.springframework.boot.context.logging.LoggingApplicationListener.initializeSystem(LoggingApplicationListener.java:264)
	at org.springframework.boot.context.logging.LoggingApplicationListener.initialize(LoggingApplicationListener.java:237)
	at org.springframework.boot.context.logging.LoggingApplicationListener.onApplicationEnvironmentPreparedEvent(LoggingApplicationListener.java:200)
	at org.springframework.boot.context.logging.LoggingApplicationListener.onApplicationEvent(LoggingApplicationListener.java:173)
	at org.springframework.context.event.SimpleApplicationEventMulticaster.doInvokeListener(SimpleApplicationEventMulticaster.java:172)
	at org.springframework.context.event.SimpleApplicationEventMulticaster.invokeListener(SimpleApplicationEventMulticaster.java:165)
	at org.springframework.context.event.SimpleApplicationEventMulticaster.multicastEvent(SimpleApplicationEventMulticaster.java:139)
	at org.springframework.context.event.SimpleApplicationEventMulticaster.multicastEvent(SimpleApplicationEventMulticaster.java:127)
	at org.springframework.boot.context.event.EventPublishingRunListener.environmentPrepared(EventPublishingRunListener.java:74)
	at org.springframework.boot.SpringApplicationRunListeners.environmentPrepared(SpringApplicationRunListeners.java:54)
	at org.springframework.boot.SpringApplication.prepareEnvironment(SpringApplication.java:358)
	at org.springframework.boot.SpringApplication.run(SpringApplication.java:317)
	at org.springframework.boot.SpringApplication.run(SpringApplication.java:1255)
	at org.springframework.boot.SpringApplication.run(SpringApplication.java:1243)
	at com.xgn.fzc.Main.main(Main.java:19)
2018-07-22 17:41:27 : Starting Main on fanzhengchens-MacBook-Pro.local with PID 24988 (/Users/fanzhengchen/IntellijProjects/springbootlearn/bean-factory/target/classes started by fanzhengchen in /Users/fanzhengchen/IntellijProjects/springbootlearn)
2018-07-22 17:41:27 : No active profile set, falling back to default profiles: default
2018-07-22 17:41:27 : Refreshing org.springframework.boot.web.servlet.context.AnnotationConfigServletWebServerApplicationContext@48aaecc3: startup date [Sun Jul 22 17:41:27 CST 2018]; root of context hierarchy
2018-07-22 17:41:28 : Tomcat initialized with port(s): 8080 (http)
2018-07-22 17:41:28 : Initializing ProtocolHandler ["http-nio-8080"]
2018-07-22 17:41:28 : Starting service [Tomcat]
2018-07-22 17:41:28 : Starting Servlet Engine: Apache Tomcat/8.5.31
2018-07-22 17:41:28 : The APR based Apache Tomcat Native library which allows optimal performance in production environments was not found on the java.library.path: [/Users/fanzhengchen/Library/Java/Extensions:/Library/Java/Extensions:/Network/Library/Java/Extensions:/System/Library/Java/Extensions:/usr/lib/java:.]
2018-07-22 17:41:28 : Initializing Spring embedded WebApplicationContext
2018-07-22 17:41:28 : Root WebApplicationContext: initialization completed in 1436 ms
2018-07-22 17:41:29 : Servlet dispatcherServlet mapped to [/]
2018-07-22 17:41:29 : Mapping filter: 'characterEncodingFilter' to: [/*]
2018-07-22 17:41:29 : Mapping filter: 'hiddenHttpMethodFilter' to: [/*]
2018-07-22 17:41:29 : Mapping filter: 'httpPutFormContentFilter' to: [/*]
2018-07-22 17:41:29 : Mapping filter: 'requestContextFilter' to: [/*]
2018-07-22 17:41:29 : Mapped URL path [/**/favicon.ico] onto handler of type [class org.springframework.web.servlet.resource.ResourceHttpRequestHandler]
2018-07-22 17:41:29 : Looking for @ControllerAdvice: org.springframework.boot.web.servlet.context.AnnotationConfigServletWebServerApplicationContext@48aaecc3: startup date [Sun Jul 22 17:41:27 CST 2018]; root of context hierarchy
2018-07-22 17:41:29 : Mapped "{[/error]}" onto public org.springframework.http.ResponseEntity<java.util.Map<java.lang.String, java.lang.Object>> org.springframework.boot.autoconfigure.web.servlet.error.BasicErrorController.error(javax.servlet.http.HttpServletRequest)
2018-07-22 17:41:29 : Mapped "{[/error],produces=[text/html]}" onto public org.springframework.web.servlet.ModelAndView org.springframework.boot.autoconfigure.web.servlet.error.BasicErrorController.errorHtml(javax.servlet.http.HttpServletRequest,javax.servlet.http.HttpServletResponse)
2018-07-22 17:41:29 : Mapped URL path [/webjars/**] onto handler of type [class org.springframework.web.servlet.resource.ResourceHttpRequestHandler]
2018-07-22 17:41:29 : Mapped URL path [/**] onto handler of type [class org.springframework.web.servlet.resource.ResourceHttpRequestHandler]
2018-07-22 17:41:29 : Registering beans for JMX exposure on startup
2018-07-22 17:41:29 : Starting ProtocolHandler ["http-nio-8080"]
2018-07-22 17:41:29 : Using a shared selector for servlet write/read
2018-07-22 17:41:29 : Tomcat started on port(s): 8080 (http) with context path ''
2018-07-22 17:41:29 : Started Main in 2.595 seconds (JVM running for 3.07)
2018-07-22 17:41:29 : MyRunner Info
2018-07-22 17:41:29 : MyRunner error
2018-07-22 17:41:29 : MyRunner warn
2018-07-22 17:41:35 : Closing org.springframework.boot.web.servlet.context.AnnotationConfigServletWebServerApplicationContext@48aaecc3: startup date [Sun Jul 22 17:41:27 CST 2018]; root of context hierarchy
2018-07-22 17:41:35 : Unregistering JMX-exposed beans on shutdown
2018-07-22 17:42:42 [main]: Starting Main on fanzhengchens-MacBook-Pro.local with PID 25059 (/Users/fanzhengchen/IntellijProjects/springbootlearn/bean-factory/target/classes started by fanzhengchen in /Users/fanzhengchen/IntellijProjects/springbootlearn)
2018-07-22 17:42:42 [main]: No active profile set, falling back to default profiles: default
2018-07-22 17:42:42 [main]: Refreshing org.springframework.boot.web.servlet.context.AnnotationConfigServletWebServerApplicationContext@48aaecc3: startup date [Sun Jul 22 17:42:42 CST 2018]; root of context hierarchy
2018-07-22 17:42:44 [main]: Tomcat initialized with port(s): 8080 (http)
2018-07-22 17:42:44 [main]: Initializing ProtocolHandler ["http-nio-8080"]
2018-07-22 17:42:44 [main]: Starting service [Tomcat]
2018-07-22 17:42:44 [main]: Starting Servlet Engine: Apache Tomcat/8.5.31
2018-07-22 17:42:44 [localhost-startStop-1]: The APR based Apache Tomcat Native library which allows optimal performance in production environments was not found on the java.library.path: [/Users/fanzhengchen/Library/Java/Extensions:/Library/Java/Extensions:/Network/Library/Java/Extensions:/System/Library/Java/Extensions:/usr/lib/java:.]
2018-07-22 17:42:44 [localhost-startStop-1]: Initializing Spring embedded WebApplicationContext
2018-07-22 17:42:44 [localhost-startStop-1]: Root WebApplicationContext: initialization completed in 1549 ms
2018-07-22 17:42:44 [localhost-startStop-1]: Servlet dispatcherServlet mapped to [/]
2018-07-22 17:42:44 [localhost-startStop-1]: Mapping filter: 'characterEncodingFilter' to: [/*]
2018-07-22 17:42:44 [localhost-startStop-1]: Mapping filter: 'hiddenHttpMethodFilter' to: [/*]
2018-07-22 17:42:44 [localhost-startStop-1]: Mapping filter: 'httpPutFormContentFilter' to: [/*]
2018-07-22 17:42:44 [localhost-startStop-1]: Mapping filter: 'requestContextFilter' to: [/*]
2018-07-22 17:42:44 [main]: Mapped URL path [/**/favicon.ico] onto handler of type [class org.springframework.web.servlet.resource.ResourceHttpRequestHandler]
2018-07-22 17:42:44 [main]: Looking for @ControllerAdvice: org.springframework.boot.web.servlet.context.AnnotationConfigServletWebServerApplicationContext@48aaecc3: startup date [Sun Jul 22 17:42:42 CST 2018]; root of context hierarchy
2018-07-22 17:42:44 [main]: Mapped "{[/error]}" onto public org.springframework.http.ResponseEntity<java.util.Map<java.lang.String, java.lang.Object>> org.springframework.boot.autoconfigure.web.servlet.error.BasicErrorController.error(javax.servlet.http.HttpServletRequest)
2018-07-22 17:42:44 [main]: Mapped "{[/error],produces=[text/html]}" onto public org.springframework.web.servlet.ModelAndView org.springframework.boot.autoconfigure.web.servlet.error.BasicErrorController.errorHtml(javax.servlet.http.HttpServletRequest,javax.servlet.http.HttpServletResponse)
2018-07-22 17:42:44 [main]: Mapped URL path [/webjars/**] onto handler of type [class org.springframework.web.servlet.resource.ResourceHttpRequestHandler]
2018-07-22 17:42:44 [main]: Mapped URL path [/**] onto handler of type [class org.springframework.web.servlet.resource.ResourceHttpRequestHandler]
2018-07-22 17:42:45 [main]: Registering beans for JMX exposure on startup
2018-07-22 17:42:45 [main]: Starting ProtocolHandler ["http-nio-8080"]
2018-07-22 17:42:45 [main]: Using a shared selector for servlet write/read
2018-07-22 17:42:45 [main]: Tomcat started on port(s): 8080 (http) with context path ''
2018-07-22 17:42:45 [main]: Started Main in 2.79 seconds (JVM running for 3.277)
2018-07-22 17:42:45 [main]: MyRunner Info
2018-07-22 17:42:45 [main]: MyRunner error
2018-07-22 17:42:45 [main]: MyRunner warn
2018-07-22 17:42:51 [Thread-3]: Closing org.springframework.boot.web.servlet.context.AnnotationConfigServletWebServerApplicationContext@48aaecc3: startup date [Sun Jul 22 17:42:42 CST 2018]; root of context hierarchy
2018-07-22 17:42:51 [Thread-3]: Unregistering JMX-exposed beans on shutdown
2018-07-22 17:43:22 [main] INFO  com.xgn.fzc.Main: Starting Main on fanzhengchens-MacBook-Pro.local with PID 25099 (/Users/fanzhengchen/IntellijProjects/springbootlearn/bean-factory/target/classes started by fanzhengchen in /Users/fanzhengchen/IntellijProjects/springbootlearn)
2018-07-22 17:43:22 [main] INFO  com.xgn.fzc.Main: No active profile set, falling back to default profiles: default
2018-07-22 17:43:22 [main] INFO  o.s.b.w.s.c.AnnotationConfigServletWebServerApplicationContext: Refreshing org.springframework.boot.web.servlet.context.AnnotationConfigServletWebServerApplicationContext@60d8c9b7: startup date [Sun Jul 22 17:43:22 CST 2018]; root of context hierarchy
2018-07-22 17:43:23 [main] INFO  o.s.b.w.e.tomcat.TomcatWebServer: Tomcat initialized with port(s): 8080 (http)
2018-07-22 17:43:23 [main] INFO  o.a.coyote.http11.Http11NioProtocol: Initializing ProtocolHandler ["http-nio-8080"]
2018-07-22 17:43:23 [main] INFO  o.a.catalina.core.StandardService: Starting service [Tomcat]
2018-07-22 17:43:23 [main] INFO  o.a.catalina.core.StandardEngine: Starting Servlet Engine: Apache Tomcat/8.5.31
2018-07-22 17:43:23 [localhost-startStop-1] INFO  o.a.c.core.AprLifecycleListener: The APR based Apache Tomcat Native library which allows optimal performance in production environments was not found on the java.library.path: [/Users/fanzhengchen/Library/Java/Extensions:/Library/Java/Extensions:/Network/Library/Java/Extensions:/System/Library/Java/Extensions:/usr/lib/java:.]
2018-07-22 17:43:23 [localhost-startStop-1] INFO  o.a.c.c.C.[Tomcat].[localhost].[/]: Initializing Spring embedded WebApplicationContext
2018-07-22 17:43:23 [localhost-startStop-1] INFO  o.s.web.context.ContextLoader: Root WebApplicationContext: initialization completed in 1174 ms
2018-07-22 17:43:23 [localhost-startStop-1] INFO  o.s.b.w.s.ServletRegistrationBean: Servlet dispatcherServlet mapped to [/]
2018-07-22 17:43:23 [localhost-startStop-1] INFO  o.s.b.w.s.FilterRegistrationBean: Mapping filter: 'characterEncodingFilter' to: [/*]
2018-07-22 17:43:23 [localhost-startStop-1] INFO  o.s.b.w.s.FilterRegistrationBean: Mapping filter: 'hiddenHttpMethodFilter' to: [/*]
2018-07-22 17:43:23 [localhost-startStop-1] INFO  o.s.b.w.s.FilterRegistrationBean: Mapping filter: 'httpPutFormContentFilter' to: [/*]
2018-07-22 17:43:23 [localhost-startStop-1] INFO  o.s.b.w.s.FilterRegistrationBean: Mapping filter: 'requestContextFilter' to: [/*]
2018-07-22 17:43:24 [main] INFO  o.s.w.s.h.SimpleUrlHandlerMapping: Mapped URL path [/**/favicon.ico] onto handler of type [class org.springframework.web.servlet.resource.ResourceHttpRequestHandler]
2018-07-22 17:43:24 [main] INFO  o.s.w.s.m.m.a.RequestMappingHandlerAdapter: Looking for @ControllerAdvice: org.springframework.boot.web.servlet.context.AnnotationConfigServletWebServerApplicationContext@60d8c9b7: startup date [Sun Jul 22 17:43:22 CST 2018]; root of context hierarchy
2018-07-22 17:43:24 [main] INFO  o.s.w.s.m.m.a.RequestMappingHandlerMapping: Mapped "{[/error]}" onto public org.springframework.http.ResponseEntity<java.util.Map<java.lang.String, java.lang.Object>> org.springframework.boot.autoconfigure.web.servlet.error.BasicErrorController.error(javax.servlet.http.HttpServletRequest)
2018-07-22 17:43:24 [main] INFO  o.s.w.s.m.m.a.RequestMappingHandlerMapping: Mapped "{[/error],produces=[text/html]}" onto public org.springframework.web.servlet.ModelAndView org.springframework.boot.autoconfigure.web.servlet.error.BasicErrorController.errorHtml(javax.servlet.http.HttpServletRequest,javax.servlet.http.HttpServletResponse)
2018-07-22 17:43:24 [main] INFO  o.s.w.s.h.SimpleUrlHandlerMapping: Mapped URL path [/webjars/**] onto handler of type [class org.springframework.web.servlet.resource.ResourceHttpRequestHandler]
2018-07-22 17:43:24 [main] INFO  o.s.w.s.h.SimpleUrlHandlerMapping: Mapped URL path [/**] onto handler of type [class org.springframework.web.servlet.resource.ResourceHttpRequestHandler]
2018-07-22 17:43:24 [main] INFO  o.s.j.e.a.AnnotationMBeanExporter: Registering beans for JMX exposure on startup
2018-07-22 17:43:24 [main] INFO  o.a.coyote.http11.Http11NioProtocol: Starting ProtocolHandler ["http-nio-8080"]
2018-07-22 17:43:24 [main] INFO  o.a.tomcat.util.net.NioSelectorPool: Using a shared selector for servlet write/read
2018-07-22 17:43:24 [main] INFO  o.s.b.w.e.tomcat.TomcatWebServer: Tomcat started on port(s): 8080 (http) with context path ''
2018-07-22 17:43:24 [main] INFO  com.xgn.fzc.Main: Started Main in 2.761 seconds (JVM running for 3.245)
2018-07-22 17:43:24 [main] INFO  com.xgn.fzc.MyRunner: MyRunner Info
2018-07-22 17:43:24 [main] ERROR com.xgn.fzc.MyRunner: MyRunner error
2018-07-22 17:43:24 [main] WARN  com.xgn.fzc.MyRunner: MyRunner warn
2018-07-22 17:43:27 [Thread-3] INFO  o.s.b.w.s.c.AnnotationConfigServletWebServerApplicationContext: Closing org.springframework.boot.web.servlet.context.AnnotationConfigServletWebServerApplicationContext@60d8c9b7: startup date [Sun Jul 22 17:43:22 CST 2018]; root of context hierarchy
2018-07-22 17:43:27 [Thread-3] INFO  o.s.j.e.a.AnnotationMBeanExporter: Unregistering JMX-exposed beans on shutdown
2018-07-22 17:45:37 [main] INFO  (INFO 2018-07-22 17:45:37 [main] INFO  (INFO 2018-07-22 17:45:37 [main] INFO  (INFO 2018-07-22 17:45:39 [main] INFO  (INFO 2018-07-22 17:45:39 [main] INFO  (INFO 2018-07-22 17:45:39 [main] INFO  (INFO 2018-07-22 17:45:39 [main] INFO  (INFO 2018-07-22 17:45:39 [localhost-startStop-1] INFO  (INFO 2018-07-22 17:45:39 [localhost-startStop-1] INFO  (INFO 2018-07-22 17:45:39 [localhost-startStop-1] INFO  (INFO 2018-07-22 17:45:39 [localhost-startStop-1] INFO  (INFO 2018-07-22 17:45:39 [localhost-startStop-1] INFO  (INFO 2018-07-22 17:45:39 [localhost-startStop-1] INFO  (INFO 2018-07-22 17:45:39 [localhost-startStop-1] INFO  (INFO 2018-07-22 17:45:39 [localhost-startStop-1] INFO  (INFO 2018-07-22 17:45:39 [main] INFO  (INFO 2018-07-22 17:45:39 [main] INFO  (INFO 2018-07-22 17:45:39 [main] INFO  (INFO 2018-07-22 17:45:39 [main] INFO  (INFO 2018-07-22 17:45:39 [main] INFO  (INFO 2018-07-22 17:45:39 [main] INFO  (INFO 2018-07-22 17:45:39 [main] INFO  (INFO 2018-07-22 17:45:39 [main] INFO  (INFO 2018-07-22 17:45:39 [main] INFO  (INFO 2018-07-22 17:45:39 [main] INFO  (INFO 2018-07-22 17:45:39 [main] INFO  (INFO 2018-07-22 17:45:39 [main] INFO  (INFO 2018-07-22 17:45:39 [main] ERROR (ERROR2018-07-22 17:45:39 [main] WARN  (WARN 2018-07-22 17:45:42 [Thread-3] INFO  (INFO 2018-07-22 17:45:42 [Thread-3] INFO  (INFO 2018-07-22 17:45:53 [main] INFO  (INFO 2018-07-22 17:45:53 [main] INFO  (INFO 2018-07-22 17:45:53 [main] INFO  (INFO 2018-07-22 17:45:55 [main] INFO  (INFO 2018-07-22 17:45:55 [main] INFO  (INFO 2018-07-22 17:45:55 [main] INFO  (INFO 2018-07-22 17:45:55 [main] INFO  (INFO 2018-07-22 17:45:55 [localhost-startStop-1] INFO  (INFO 2018-07-22 17:45:55 [localhost-startStop-1] INFO  (INFO 2018-07-22 17:45:55 [localhost-startStop-1] INFO  (INFO 2018-07-22 17:45:55 [localhost-startStop-1] INFO  (INFO 2018-07-22 17:45:55 [localhost-startStop-1] INFO  (INFO 2018-07-22 17:45:55 [localhost-startStop-1] INFO  (INFO 2018-07-22 17:45:55 [localhost-startStop-1] INFO  (INFO 2018-07-22 17:45:55 [localhost-startStop-1] INFO  (INFO 2018-07-22 17:45:56 [main] INFO  (INFO 2018-07-22 17:45:56 [main] INFO  (INFO 2018-07-22 17:45:56 [main] INFO  (INFO 2018-07-22 17:45:56 [main] INFO  (INFO 2018-07-22 17:45:56 [main] INFO  (INFO 2018-07-22 17:45:56 [main] INFO  (INFO 2018-07-22 17:45:56 [main] INFO  (INFO 2018-07-22 17:45:56 [main] INFO  (INFO 2018-07-22 17:45:56 [main] INFO  (INFO 2018-07-22 17:45:56 [main] INFO  (INFO 2018-07-22 17:45:56 [main] INFO  (INFO 2018-07-22 17:45:56 [main] INFO  (INFO 2018-07-22 17:45:56 [main] ERROR (ERROR2018-07-22 17:45:56 [main] WARN  (WARN 2018-07-22 17:45:59 [Thread-3] INFO  (INFO 2018-07-22 17:45:59 [Thread-3] INFO  (INFO 2018-07-22 17:46:04 [main] INFO  (INFO 2018-07-22 17:46:04 [main] INFO  (INFO 2018-07-22 17:46:04 [main] INFO  (INFO 2018-07-22 17:46:05 [main] INFO  (INFO 2018-07-22 17:46:05 [main] INFO  (INFO 2018-07-22 17:46:05 [main] INFO  (INFO 2018-07-22 17:46:05 [main] ERROR (ERROR2018-07-22 17:46:05 [main] WARN  (WARN 2018-07-22 17:46:05 [Thread-2] INFO  (INFO 2018-07-22 17:46:05 [Thread-2] INFO  (INFO 2018-07-22 17:46:34 [main] INFO  com.xgn.fzc.Main: Starting Main on fanzhengchens-MacBook-Pro.local with PID 25295 (/Users/fanzhengchen/IntellijProjects/springbootlearn/bean-factory/target/classes started by fanzhengchen in /Users/fanzhengchen/IntellijProjects/springbootlearn)
2018-07-22 17:46:34 [main] INFO  com.xgn.fzc.Main: No active profile set, falling back to default profiles: default
2018-07-22 17:46:34 [main] INFO  o.s.c.a.AnnotationConfigApplicationContext: Refreshing org.springframework.context.annotation.AnnotationConfigApplicationContext@2f177a4b: startup date [Sun Jul 22 17:46:34 CST 2018]; root of context hierarchy
2018-07-22 17:46:35 [main] INFO  o.s.j.e.a.AnnotationMBeanExporter: Registering beans for JMX exposure on startup
2018-07-22 17:46:35 [main] INFO  com.xgn.fzc.Main: Started Main in 1.144 seconds (JVM running for 1.616)
2018-07-22 17:46:35 [main] INFO  com.xgn.fzc.MyRunner: MyRunner Info
2018-07-22 17:46:35 [main] ERROR com.xgn.fzc.MyRunner: MyRunner error
2018-07-22 17:46:35 [main] WARN  com.xgn.fzc.MyRunner: MyRunner warn
2018-07-22 17:46:35 [Thread-2] INFO  o.s.c.a.AnnotationConfigApplicationContext: Closing org.springframework.context.annotation.AnnotationConfigApplicationContext@2f177a4b: startup date [Sun Jul 22 17:46:34 CST 2018]; root of context hierarchy
2018-07-22 17:46:35 [Thread-2] INFO  o.s.j.e.a.AnnotationMBeanExporter: Unregistering JMX-exposed beans on shutdown
2018-07-22 17:47:11 [main] INFO  com.xgn.fzc.Main - (StartupInfoLogger.java:50): Starting Main on fanzhengchens-MacBook-Pro.local with PID 25335 (/Users/fanzhengchen/IntellijProjects/springbootlearn/bean-factory/target/classes started by fanzhengchen in /Users/fanzhengchen/IntellijProjects/springbootlearn)
2018-07-22 17:47:11 [main] INFO  com.xgn.fzc.Main - (SpringApplication.java:659): No active profile set, falling back to default profiles: default
2018-07-22 17:47:11 [main] INFO  o.s.c.a.AnnotationConfigApplicationContext - (AbstractApplicationContext.java:590): Refreshing org.springframework.context.annotation.AnnotationConfigApplicationContext@3b07a0d6: startup date [Sun Jul 22 17:47:11 CST 2018]; root of context hierarchy
2018-07-22 17:47:12 [main] INFO  o.s.j.e.a.AnnotationMBeanExporter - (MBeanExporter.java:433): Registering beans for JMX exposure on startup
2018-07-22 17:47:12 [main] INFO  com.xgn.fzc.Main - (StartupInfoLogger.java:59): Started Main in 1.228 seconds (JVM running for 1.686)
2018-07-22 17:47:12 [main] INFO  com.xgn.fzc.MyRunner - (MyRunner.java:22): MyRunner Info
2018-07-22 17:47:12 [main] ERROR com.xgn.fzc.MyRunner - (MyRunner.java:24): MyRunner error
2018-07-22 17:47:12 [main] WARN  com.xgn.fzc.MyRunner - (MyRunner.java:25): MyRunner warn
2018-07-22 17:47:12 [Thread-2] INFO  o.s.c.a.AnnotationConfigApplicationContext - (AbstractApplicationContext.java:993): Closing org.springframework.context.annotation.AnnotationConfigApplicationContext@3b07a0d6: startup date [Sun Jul 22 17:47:11 CST 2018]; root of context hierarchy
2018-07-22 17:47:12 [Thread-2] INFO  o.s.j.e.a.AnnotationMBeanExporter - (MBeanExporter.java:451): Unregistering JMX-exposed beans on shutdown
2018-07-22 17:47:28[main]INFO com.xgn.fzc.Main-(StartupInfoLogger.java:50):Starting Main on fanzhengchens-MacBook-Pro.local with PID 25361 (/Users/fanzhengchen/IntellijProjects/springbootlearn/bean-factory/target/classes started by fanzhengchen in /Users/fanzhengchen/IntellijProjects/springbootlearn)
2018-07-22 17:47:28[main]INFO com.xgn.fzc.Main-(SpringApplication.java:659):No active profile set, falling back to default profiles: default
2018-07-22 17:47:28[main]INFO o.s.c.a.AnnotationConfigApplicationContext-(AbstractApplicationContext.java:590):Refreshing org.springframework.context.annotation.AnnotationConfigApplicationContext@3b07a0d6: startup date [Sun Jul 22 17:47:28 CST 2018]; root of context hierarchy
2018-07-22 17:47:29[main]INFO o.s.j.e.a.AnnotationMBeanExporter-(MBeanExporter.java:433):Registering beans for JMX exposure on startup
2018-07-22 17:47:29[main]INFO com.xgn.fzc.Main-(StartupInfoLogger.java:59):Started Main in 1.149 seconds (JVM running for 1.604)
2018-07-22 17:47:29[main]INFO com.xgn.fzc.MyRunner-(MyRunner.java:22):MyRunner Info
2018-07-22 17:47:29[main]ERRORcom.xgn.fzc.MyRunner-(MyRunner.java:24):MyRunner error
2018-07-22 17:47:29[main]WARN com.xgn.fzc.MyRunner-(MyRunner.java:25):MyRunner warn
2018-07-22 17:47:29[Thread-2]INFO o.s.c.a.AnnotationConfigApplicationContext-(AbstractApplicationContext.java:993):Closing org.springframework.context.annotation.AnnotationConfigApplicationContext@3b07a0d6: startup date [Sun Jul 22 17:47:28 CST 2018]; root of context hierarchy
2018-07-22 17:47:29[Thread-2]INFO o.s.j.e.a.AnnotationMBeanExporter-(MBeanExporter.java:451):Unregistering JMX-exposed beans on shutdown
2018-07-22 17:47:55 [main] INFO  com.xgn.fzc.Main-(StartupInfoLogger.java:50):Starting Main on fanzhengchens-MacBook-Pro.local with PID 25387 (/Users/fanzhengchen/IntellijProjects/springbootlearn/bean-factory/target/classes started by fanzhengchen in /Users/fanzhengchen/IntellijProjects/springbootlearn)
2018-07-22 17:47:55 [main] INFO  com.xgn.fzc.Main-(SpringApplication.java:659):No active profile set, falling back to default profiles: default
2018-07-22 17:47:55 [main] INFO  o.s.c.a.AnnotationConfigApplicationContext-(AbstractApplicationContext.java:590):Refreshing org.springframework.context.annotation.AnnotationConfigApplicationContext@2f112965: startup date [Sun Jul 22 17:47:55 CST 2018]; root of context hierarchy
2018-07-22 17:47:56 [main] INFO  o.s.j.e.a.AnnotationMBeanExporter-(MBeanExporter.java:433):Registering beans for JMX exposure on startup
2018-07-22 17:47:56 [main] INFO  com.xgn.fzc.Main-(StartupInfoLogger.java:59):Started Main in 1.369 seconds (JVM running for 1.897)
2018-07-22 17:47:56 [main] INFO  com.xgn.fzc.MyRunner-(MyRunner.java:22):MyRunner Info
2018-07-22 17:47:56 [main] ERROR com.xgn.fzc.MyRunner-(MyRunner.java:24):MyRunner error
2018-07-22 17:47:56 [main] WARN  com.xgn.fzc.MyRunner-(MyRunner.java:25):MyRunner warn
2018-07-22 17:47:56 [Thread-2] INFO  o.s.c.a.AnnotationConfigApplicationContext-(AbstractApplicationContext.java:993):Closing org.springframework.context.annotation.AnnotationConfigApplicationContext@2f112965: startup date [Sun Jul 22 17:47:55 CST 2018]; root of context hierarchy
2018-07-22 17:47:56 [Thread-2] INFO  o.s.j.e.a.AnnotationMBeanExporter-(MBeanExporter.java:451):Unregistering JMX-exposed beans on shutdown
2018-07-22 17:48:06 [main] INFO  com.xgn.fzc.Main-(StartupInfoLogger.java:50):Starting Main on fanzhengchens-MacBook-Pro.local with PID 25402 (/Users/fanzhengchen/IntellijProjects/springbootlearn/bean-factory/target/classes started by fanzhengchen in /Users/fanzhengchen/IntellijProjects/springbootlearn)
2018-07-22 17:48:06 [main] INFO  com.xgn.fzc.Main-(SpringApplication.java:659):No active profile set, falling back to default profiles: default
2018-07-22 17:48:06 [main] INFO  o.s.c.a.AnnotationConfigApplicationContext-(AbstractApplicationContext.java:590):Refreshing org.springframework.context.annotation.AnnotationConfigApplicationContext@7b227d8d: startup date [Sun Jul 22 17:48:06 CST 2018]; root of context hierarchy
2018-07-22 17:48:06 [main] INFO  o.s.j.e.a.AnnotationMBeanExporter-(MBeanExporter.java:433):Registering beans for JMX exposure on startup
2018-07-22 17:48:06 [main] INFO  com.xgn.fzc.Main-(StartupInfoLogger.java:59):Started Main in 1.129 seconds (JVM running for 1.581)
2018-07-22 17:48:06 [main] INFO  com.xgn.fzc.MyRunner-(MyRunner.java:22):MyRunner Info
2018-07-22 17:48:06 [main] ERROR com.xgn.fzc.MyRunner-(MyRunner.java:24):MyRunner error
2018-07-22 17:48:06 [main] WARN  com.xgn.fzc.MyRunner-(MyRunner.java:25):MyRunner warn
2018-07-22 17:48:06 [Thread-2] INFO  o.s.c.a.AnnotationConfigApplicationContext-(AbstractApplicationContext.java:993):Closing org.springframework.context.annotation.AnnotationConfigApplicationContext@7b227d8d: startup date [Sun Jul 22 17:48:06 CST 2018]; root of context hierarchy
2018-07-22 17:48:06 [Thread-2] INFO  o.s.j.e.a.AnnotationMBeanExporter-(MBeanExporter.java:451):Unregistering JMX-exposed beans on shutdown
2018-07-22 17:48:20 [main] INFO  com.xgn.fzc.Main-(StartupInfoLogger.java:50):Starting Main on fanzhengchens-MacBook-Pro.local with PID 25423 (/Users/fanzhengchen/IntellijProjects/springbootlearn/bean-factory/target/classes started by fanzhengchen in /Users/fanzhengchen/IntellijProjects/springbootlearn)
2018-07-22 17:48:20 [main] INFO  com.xgn.fzc.Main-(SpringApplication.java:659):No active profile set, falling back to default profiles: default
2018-07-22 17:48:20 [main] INFO  o.s.c.a.AnnotationConfigApplicationContext-(AbstractApplicationContext.java:590):Refreshing org.springframework.context.annotation.AnnotationConfigApplicationContext@3b07a0d6: startup date [Sun Jul 22 17:48:20 CST 2018]; root of context hierarchy
2018-07-22 17:48:20 [main] INFO  o.s.j.e.a.AnnotationMBeanExporter-(MBeanExporter.java:433):Registering beans for JMX exposure on startup
2018-07-22 17:48:20 [main] INFO  com.xgn.fzc.Main-(StartupInfoLogger.java:59):Started Main in 1.18 seconds (JVM running for 1.637)
2018-07-22 17:48:20 [main] INFO  com.xgn.fzc.MyRunner-(MyRunner.java:22):MyRunner Info
2018-07-22 17:48:20 [main] ERROR com.xgn.fzc.MyRunner-(MyRunner.java:24):MyRunner error
2018-07-22 17:48:20 [main] WARN  com.xgn.fzc.MyRunner-(MyRunner.java:25):MyRunner warn
2018-07-22 17:48:20 [Thread-2] INFO  o.s.c.a.AnnotationConfigApplicationContext-(AbstractApplicationContext.java:993):Closing org.springframework.context.annotation.AnnotationConfigApplicationContext@3b07a0d6: startup date [Sun Jul 22 17:48:20 CST 2018]; root of context hierarchy
2018-07-22 17:48:20 [Thread-2] INFO  o.s.j.e.a.AnnotationMBeanExporter-(MBeanExporter.java:451):Unregistering JMX-exposed beans on shutdown
