11:39:55.412 [main] INFO  com.xgn.fzc.Application - (StartupInfoLogger.java:5011:39:55.422 [main] INFO  com.xgn.fzc.Application - (SpringApplication.java:65911:39:55.639 [main] INFO  o.s.c.a.AnnotationConfigApplicationContext - (AbstractApplicationContext.java:59011:39:56.542 [main] INFO  com.zaxxer.hikari.HikariDataSource - (HikariDataSource.java:11011:39:56.866 [main] INFO  com.zaxxer.hikari.HikariDataSource - (HikariDataSource.java:12311:39:56.908 [main] INFO  o.s.o.j.LocalContainerEntityManagerFactoryBean - (LocalContainerEntityManagerFactoryBean.java:36111:39:56.938 [main] INFO  o.h.jpa.internal.util.LogHelper - (LogHelper.java:3111:39:57.052 [main] INFO  org.hibernate.Version - (Version.java:4511:39:57.053 [main] INFO  org.hibernate.cfg.Environment - (Environment.java:21311:39:57.117 [main] INFO  o.h.annotations.common.Version - (JavaReflectionManager.java:6611:39:57.293 [main] INFO  org.hibernate.dialect.Dialect - (Dialect.java:15711:39:57.890 [main] INFO  o.s.o.j.LocalContainerEntityManagerFactoryBean - (AbstractEntityManagerFactoryBean.java:41511:39:58.347 [main] INFO  o.h.h.i.QueryTranslatorFactoryInitiator - (QueryTranslatorFactoryInitiator.java:4711:39:58.945 [main] INFO  o.s.j.e.a.AnnotationMBeanExporter - (MBeanExporter.java:43311:39:58.946 [main] INFO  o.s.j.e.a.AnnotationMBeanExporter - (MBeanExporter.java:89511:39:58.950 [main] INFO  o.s.j.e.a.AnnotationMBeanExporter - (MBeanExporter.java:66811:39:58.963 [main] INFO  com.xgn.fzc.Application - (StartupInfoLogger.java:5911:39:58.968 [main] INFO  o.s.b.a.l.ConditionEvaluationReportLoggingListener - (ConditionEvaluationReportLoggingListener.java:10111:39:58.972 [main] ERROR o.s.boot.SpringApplication - (SpringApplication.java:842java.lang.IllegalStateException: Failed to execute ApplicationRunner
	at org.springframework.boot.SpringApplication.callRunner(SpringApplication.java:791)
	at org.springframework.boot.SpringApplication.callRunners(SpringApplication.java:778)
	at org.springframework.boot.SpringApplication.run(SpringApplication.java:335)
	at org.springframework.boot.SpringApplication.run(SpringApplication.java:1255)
	at org.springframework.boot.SpringApplication.run(SpringApplication.java:1243)
	at com.xgn.fzc.Application.main(Application.java:24)
	at sun.reflect.NativeMethodAccessorImpl.invoke0(Native Method)
	at sun.reflect.NativeMethodAccessorImpl.invoke(NativeMethodAccessorImpl.java:62)
	at sun.reflect.DelegatingMethodAccessorImpl.invoke(DelegatingMethodAccessorImpl.java:43)
	at java.lang.reflect.Method.invoke(Method.java:498)
	at org.springframework.boot.maven.AbstractRunMojo$LaunchRunner.run(AbstractRunMojo.java:496)
	at java.lang.Thread.run(Thread.java:748)
Caused by: org.apache.ibatis.binding.BindingException: Invalid bound statement (not found): com.xgn.fzc.mapper.CmsPageMapper.findByPageId
	at org.apache.ibatis.binding.MapperMethod$SqlCommand.<init>(MapperMethod.java:227)
	at org.apache.ibatis.binding.MapperMethod.<init>(MapperMethod.java:49)
	at org.apache.ibatis.binding.MapperProxy.cachedMapperMethod(MapperProxy.java:65)
	at org.apache.ibatis.binding.MapperProxy.invoke(MapperProxy.java:58)
	at com.sun.proxy.$Proxy93.findByPageId(Unknown Source)
	at com.xgn.fzc.AppTask.run(AppTask.java:39)
	at org.springframework.boot.SpringApplication.callRunner(SpringApplication.java:788)
	... 11 common frames omitted
11:39:58.972 [main] INFO  o.s.c.a.AnnotationConfigApplicationContext - (AbstractApplicationContext.java:99311:39:58.973 [main] INFO  o.s.j.e.a.AnnotationMBeanExporter - (MBeanExporter.java:45111:39:58.974 [main] INFO  o.s.j.e.a.AnnotationMBeanExporter - (MBeanRegistrationSupport.java:18311:39:58.974 [main] INFO  o.s.o.j.LocalContainerEntityManagerFactoryBean - (AbstractEntityManagerFactoryBean.java:59711:39:58.975 [main] INFO  com.zaxxer.hikari.HikariDataSource - (HikariDataSource.java:38111:39:58.982 [main] INFO  com.zaxxer.hikari.HikariDataSource - (HikariDataSource.java:38311:41:09.772 [main] INFO  com.xgn.fzc.Application - (StartupInfoLogger.java:5011:41:09.776 [main] INFO  com.xgn.fzc.Application - (SpringApplication.java:65911:41:10.022 [main] INFO  o.s.c.a.AnnotationConfigApplicationContext - (AbstractApplicationContext.java:59011:41:10.781 [main] INFO  com.zaxxer.hikari.HikariDataSource - (HikariDataSource.java:11011:41:11.035 [main] INFO  com.zaxxer.hikari.HikariDataSource - (HikariDataSource.java:12311:41:11.068 [main] INFO  o.s.o.j.LocalContainerEntityManagerFactoryBean - (LocalContainerEntityManagerFactoryBean.java:36111:41:11.087 [main] INFO  o.h.jpa.internal.util.LogHelper - (LogHelper.java:3111:41:11.144 [main] INFO  org.hibernate.Version - (Version.java:4511:41:11.145 [main] INFO  org.hibernate.cfg.Environment - (Environment.java:21311:41:11.181 [main] INFO  o.h.annotations.common.Version - (JavaReflectionManager.java:6611:41:11.287 [main] INFO  org.hibernate.dialect.Dialect - (Dialect.java:15711:41:11.719 [main] INFO  o.s.o.j.LocalContainerEntityManagerFactoryBean - (AbstractEntityManagerFactoryBean.java:41511:41:12.083 [main] INFO  o.h.h.i.QueryTranslatorFactoryInitiator - (QueryTranslatorFactoryInitiator.java:4711:41:12.632 [main] INFO  o.s.j.e.a.AnnotationMBeanExporter - (MBeanExporter.java:43311:41:12.633 [main] INFO  o.s.j.e.a.AnnotationMBeanExporter - (MBeanExporter.java:89511:41:12.636 [main] INFO  o.s.j.e.a.AnnotationMBeanExporter - (MBeanExporter.java:66811:41:12.649 [main] INFO  com.xgn.fzc.Application - (StartupInfoLogger.java:5911:41:12.653 [main] INFO  o.s.b.a.l.ConditionEvaluationReportLoggingListener - (ConditionEvaluationReportLoggingListener.java:10111:41:12.656 [main] ERROR o.s.boot.SpringApplication - (SpringApplication.java:842java.lang.IllegalStateException: Failed to execute ApplicationRunner
	at org.springframework.boot.SpringApplication.callRunner(SpringApplication.java:791)
	at org.springframework.boot.SpringApplication.callRunners(SpringApplication.java:778)
	at org.springframework.boot.SpringApplication.run(SpringApplication.java:335)
	at org.springframework.boot.SpringApplication.run(SpringApplication.java:1255)
	at org.springframework.boot.SpringApplication.run(SpringApplication.java:1243)
	at com.xgn.fzc.Application.main(Application.java:24)
	at sun.reflect.NativeMethodAccessorImpl.invoke0(Native Method)
	at sun.reflect.NativeMethodAccessorImpl.invoke(NativeMethodAccessorImpl.java:62)
	at sun.reflect.DelegatingMethodAccessorImpl.invoke(DelegatingMethodAccessorImpl.java:43)
	at java.lang.reflect.Method.invoke(Method.java:498)
	at org.springframework.boot.maven.AbstractRunMojo$LaunchRunner.run(AbstractRunMojo.java:496)
	at java.lang.Thread.run(Thread.java:748)
Caused by: org.apache.ibatis.binding.BindingException: Invalid bound statement (not found): com.xgn.fzc.mapper.CmsPageMapper.findByPageId
	at org.apache.ibatis.binding.MapperMethod$SqlCommand.<init>(MapperMethod.java:227)
	at org.apache.ibatis.binding.MapperMethod.<init>(MapperMethod.java:49)
	at org.apache.ibatis.binding.MapperProxy.cachedMapperMethod(MapperProxy.java:65)
	at org.apache.ibatis.binding.MapperProxy.invoke(MapperProxy.java:58)
	at com.sun.proxy.$Proxy93.findByPageId(Unknown Source)
	at com.xgn.fzc.AppTask.run(AppTask.java:39)
	at org.springframework.boot.SpringApplication.callRunner(SpringApplication.java:788)
	... 11 common frames omitted
11:41:12.657 [main] INFO  o.s.c.a.AnnotationConfigApplicationContext - (AbstractApplicationContext.java:99311:41:12.658 [main] INFO  o.s.j.e.a.AnnotationMBeanExporter - (MBeanExporter.java:45111:41:12.659 [main] INFO  o.s.j.e.a.AnnotationMBeanExporter - (MBeanRegistrationSupport.java:18311:41:12.660 [main] INFO  o.s.o.j.LocalContainerEntityManagerFactoryBean - (AbstractEntityManagerFactoryBean.java:59711:41:12.660 [main] INFO  com.zaxxer.hikari.HikariDataSource - (HikariDataSource.java:38111:41:12.666 [main] INFO  com.zaxxer.hikari.HikariDataSource - (HikariDataSource.java:38311:42:37.404 [main] INFO  com.xgn.fzc.Application - (StartupInfoLogger.java:5011:42:37.409 [main] INFO  com.xgn.fzc.Application - (SpringApplication.java:65911:42:37.466 [main] INFO  o.s.c.a.AnnotationConfigApplicationContext - (AbstractApplicationContext.java:59011:42:38.609 [main] INFO  com.zaxxer.hikari.HikariDataSource - (HikariDataSource.java:11011:42:38.872 [main] INFO  com.zaxxer.hikari.HikariDataSource - (HikariDataSource.java:12311:42:38.907 [main] INFO  o.s.o.j.LocalContainerEntityManagerFactoryBean - (LocalContainerEntityManagerFactoryBean.java:36111:42:38.925 [main] INFO  o.h.jpa.internal.util.LogHelper - (LogHelper.java:3111:42:38.988 [main] INFO  org.hibernate.Version - (Version.java:4511:42:38.989 [main] INFO  org.hibernate.cfg.Environment - (Environment.java:21311:42:39.025 [main] INFO  o.h.annotations.common.Version - (JavaReflectionManager.java:6611:42:39.136 [main] INFO  org.hibernate.dialect.Dialect - (Dialect.java:15711:42:39.566 [main] INFO  o.s.o.j.LocalContainerEntityManagerFactoryBean - (AbstractEntityManagerFactoryBean.java:41511:42:39.980 [main] INFO  o.h.h.i.QueryTranslatorFactoryInitiator - (QueryTranslatorFactoryInitiator.java:4711:42:40.333 [main] INFO  o.s.j.e.a.AnnotationMBeanExporter - (MBeanExporter.java:43311:42:40.334 [main] INFO  o.s.j.e.a.AnnotationMBeanExporter - (MBeanExporter.java:89511:42:40.338 [main] INFO  o.s.j.e.a.AnnotationMBeanExporter - (MBeanExporter.java:66811:42:40.351 [main] INFO  com.xgn.fzc.Application - (StartupInfoLogger.java:5911:42:40.356 [main] INFO  o.s.b.a.l.ConditionEvaluationReportLoggingListener - (ConditionEvaluationReportLoggingListener.java:10111:42:40.359 [main] ERROR o.s.boot.SpringApplication - (SpringApplication.java:842java.lang.IllegalStateException: Failed to execute ApplicationRunner
	at org.springframework.boot.SpringApplication.callRunner(SpringApplication.java:791)
	at org.springframework.boot.SpringApplication.callRunners(SpringApplication.java:778)
	at org.springframework.boot.SpringApplication.run(SpringApplication.java:335)
	at org.springframework.boot.SpringApplication.run(SpringApplication.java:1255)
	at org.springframework.boot.SpringApplication.run(SpringApplication.java:1243)
	at com.xgn.fzc.Application.main(Application.java:24)
	at sun.reflect.NativeMethodAccessorImpl.invoke0(Native Method)
	at sun.reflect.NativeMethodAccessorImpl.invoke(NativeMethodAccessorImpl.java:62)
	at sun.reflect.DelegatingMethodAccessorImpl.invoke(DelegatingMethodAccessorImpl.java:43)
	at java.lang.reflect.Method.invoke(Method.java:498)
	at org.springframework.boot.maven.AbstractRunMojo$LaunchRunner.run(AbstractRunMojo.java:496)
	at java.lang.Thread.run(Thread.java:748)
Caused by: org.apache.ibatis.binding.BindingException: Invalid bound statement (not found): com.xgn.fzc.mapper.CmsPageMapper.findByPageId
	at org.apache.ibatis.binding.MapperMethod$SqlCommand.<init>(MapperMethod.java:227)
	at org.apache.ibatis.binding.MapperMethod.<init>(MapperMethod.java:49)
	at org.apache.ibatis.binding.MapperProxy.cachedMapperMethod(MapperProxy.java:65)
	at org.apache.ibatis.binding.MapperProxy.invoke(MapperProxy.java:58)
	at com.sun.proxy.$Proxy87.findByPageId(Unknown Source)
	at com.xgn.fzc.AppTask.run(AppTask.java:39)
	at org.springframework.boot.SpringApplication.callRunner(SpringApplication.java:788)
	... 11 common frames omitted
11:42:40.360 [main] INFO  o.s.c.a.AnnotationConfigApplicationContext - (AbstractApplicationContext.java:99311:42:40.361 [main] INFO  o.s.j.e.a.AnnotationMBeanExporter - (MBeanExporter.java:45111:42:40.361 [main] INFO  o.s.j.e.a.AnnotationMBeanExporter - (MBeanRegistrationSupport.java:18311:42:40.362 [main] INFO  o.s.o.j.LocalContainerEntityManagerFactoryBean - (AbstractEntityManagerFactoryBean.java:59711:42:40.363 [main] INFO  com.zaxxer.hikari.HikariDataSource - (HikariDataSource.java:38111:42:40.371 [main] INFO  com.zaxxer.hikari.HikariDataSource - (HikariDataSource.java:38311:45:34.196 [main] INFO  com.xgn.fzc.Application - (StartupInfoLogger.java:5011:45:34.201 [main] INFO  com.xgn.fzc.Application - (SpringApplication.java:65911:45:34.242 [main] INFO  o.s.c.a.AnnotationConfigApplicationContext - (AbstractApplicationContext.java:59011:45:35.205 [main] INFO  com.zaxxer.hikari.HikariDataSource - (HikariDataSource.java:11011:45:35.469 [main] INFO  com.zaxxer.hikari.HikariDataSource - (HikariDataSource.java:12311:45:35.506 [main] INFO  o.s.o.j.LocalContainerEntityManagerFactoryBean - (LocalContainerEntityManagerFactoryBean.java:36111:45:35.525 [main] INFO  o.h.jpa.internal.util.LogHelper - (LogHelper.java:3111:45:35.593 [main] INFO  org.hibernate.Version - (Version.java:4511:45:35.594 [main] INFO  org.hibernate.cfg.Environment - (Environment.java:21311:45:35.629 [main] INFO  o.h.annotations.common.Version - (JavaReflectionManager.java:6611:45:35.751 [main] INFO  org.hibernate.dialect.Dialect - (Dialect.java:15711:45:36.175 [main] INFO  o.s.o.j.LocalContainerEntityManagerFactoryBean - (AbstractEntityManagerFactoryBean.java:41511:45:36.560 [main] INFO  o.h.h.i.QueryTranslatorFactoryInitiator - (QueryTranslatorFactoryInitiator.java:4711:45:36.885 [main] INFO  o.s.j.e.a.AnnotationMBeanExporter - (MBeanExporter.java:43311:45:36.886 [main] INFO  o.s.j.e.a.AnnotationMBeanExporter - (MBeanExporter.java:89511:45:36.891 [main] INFO  o.s.j.e.a.AnnotationMBeanExporter - (MBeanExporter.java:66811:45:36.908 [main] INFO  com.xgn.fzc.Application - (StartupInfoLogger.java:5911:45:36.913 [main] INFO  o.s.b.a.l.ConditionEvaluationReportLoggingListener - (ConditionEvaluationReportLoggingListener.java:10111:45:36.917 [main] ERROR o.s.boot.SpringApplication - (SpringApplication.java:842java.lang.IllegalStateException: Failed to execute ApplicationRunner
	at org.springframework.boot.SpringApplication.callRunner(SpringApplication.java:791)
	at org.springframework.boot.SpringApplication.callRunners(SpringApplication.java:778)
	at org.springframework.boot.SpringApplication.run(SpringApplication.java:335)
	at org.springframework.boot.SpringApplication.run(SpringApplication.java:1255)
	at org.springframework.boot.SpringApplication.run(SpringApplication.java:1243)
	at com.xgn.fzc.Application.main(Application.java:24)
	at sun.reflect.NativeMethodAccessorImpl.invoke0(Native Method)
	at sun.reflect.NativeMethodAccessorImpl.invoke(NativeMethodAccessorImpl.java:62)
	at sun.reflect.DelegatingMethodAccessorImpl.invoke(DelegatingMethodAccessorImpl.java:43)
	at java.lang.reflect.Method.invoke(Method.java:498)
	at org.springframework.boot.maven.AbstractRunMojo$LaunchRunner.run(AbstractRunMojo.java:496)
	at java.lang.Thread.run(Thread.java:748)
Caused by: org.apache.ibatis.binding.BindingException: Invalid bound statement (not found): com.xgn.fzc.mapper.CmsPageMapper.findByPageId
	at org.apache.ibatis.binding.MapperMethod$SqlCommand.<init>(MapperMethod.java:227)
	at org.apache.ibatis.binding.MapperMethod.<init>(MapperMethod.java:49)
	at org.apache.ibatis.binding.MapperProxy.cachedMapperMethod(MapperProxy.java:65)
	at org.apache.ibatis.binding.MapperProxy.invoke(MapperProxy.java:58)
	at com.sun.proxy.$Proxy87.findByPageId(Unknown Source)
	at com.xgn.fzc.AppTask.run(AppTask.java:39)
	at org.springframework.boot.SpringApplication.callRunner(SpringApplication.java:788)
	... 11 common frames omitted
11:45:36.917 [main] INFO  o.s.c.a.AnnotationConfigApplicationContext - (AbstractApplicationContext.java:99311:45:36.918 [main] INFO  o.s.j.e.a.AnnotationMBeanExporter - (MBeanExporter.java:45111:45:36.919 [main] INFO  o.s.j.e.a.AnnotationMBeanExporter - (MBeanRegistrationSupport.java:18311:45:36.920 [main] INFO  o.s.o.j.LocalContainerEntityManagerFactoryBean - (AbstractEntityManagerFactoryBean.java:59711:45:36.921 [main] INFO  com.zaxxer.hikari.HikariDataSource - (HikariDataSource.java:38111:45:36.931 [main] INFO  com.zaxxer.hikari.HikariDataSource - (HikariDataSource.java:38311:46:48.663 [main] INFO  com.xgn.fzc.Application - (StartupInfoLogger.java:5011:46:48.668 [main] INFO  com.xgn.fzc.Application - (SpringApplication.java:65911:46:48.714 [main] INFO  o.s.c.a.AnnotationConfigApplicationContext - (AbstractApplicationContext.java:59011:46:49.596 [main] INFO  com.zaxxer.hikari.HikariDataSource - (HikariDataSource.java:11011:46:49.845 [main] INFO  com.zaxxer.hikari.HikariDataSource - (HikariDataSource.java:12311:46:49.878 [main] INFO  o.s.o.j.LocalContainerEntityManagerFactoryBean - (LocalContainerEntityManagerFactoryBean.java:36111:46:49.897 [main] INFO  o.h.jpa.internal.util.LogHelper - (LogHelper.java:3111:46:49.957 [main] INFO  org.hibernate.Version - (Version.java:4511:46:49.959 [main] INFO  org.hibernate.cfg.Environment - (Environment.java:21311:46:49.994 [main] INFO  o.h.annotations.common.Version - (JavaReflectionManager.java:6611:46:50.105 [main] INFO  org.hibernate.dialect.Dialect - (Dialect.java:15711:46:50.522 [main] INFO  o.s.o.j.LocalContainerEntityManagerFactoryBean - (AbstractEntityManagerFactoryBean.java:41511:46:50.565 [main] WARN  o.s.c.a.AnnotationConfigApplicationContext - (AbstractApplicationContext.java:55811:46:50.565 [main] INFO  o.s.o.j.LocalContainerEntityManagerFactoryBean - (AbstractEntityManagerFactoryBean.java:59711:46:50.566 [main] INFO  com.zaxxer.hikari.HikariDataSource - (HikariDataSource.java:38111:46:50.574 [main] INFO  com.zaxxer.hikari.HikariDataSource - (HikariDataSource.java:38311:46:50.582 [main] INFO  o.s.b.a.l.ConditionEvaluationReportLoggingListener - (ConditionEvaluationReportLoggingListener.java:10111:46:50.586 [main] ERROR o.s.boot.SpringApplication - (SpringApplication.java:842org.springframework.beans.factory.BeanCreationException: Error creating bean with name 'appTask': Injection of resource dependencies failed; nested exception is org.springframework.beans.factory.UnsatisfiedDependencyException: Error creating bean with name 'cmsPageMapper' defined in file [/Users/fanzhengchen/IntellijProjects/springbootlearn/mybatis/target/classes/com/xgn/fzc/mapper/CmsPageMapper.class]: Unsatisfied dependency expressed through bean property 'sqlSessionFactory'; nested exception is org.springframework.beans.factory.BeanCreationException: Error creating bean with name 'sqlSessionFactory' defined in class path resource [org/mybatis/spring/boot/autoconfigure/MybatisAutoConfiguration.class]: Bean instantiation via factory method failed; nested exception is org.springframework.beans.BeanInstantiationException: Failed to instantiate [org.apache.ibatis.session.SqlSessionFactory]: Factory method 'sqlSessionFactory' threw exception; nested exception is java.io.FileNotFoundException: class path resource [mybatis-mapper/*.xml] cannot be opened because it does not exist
	at org.springframework.context.annotation.CommonAnnotationBeanPostProcessor.postProcessPropertyValues(CommonAnnotationBeanPostProcessor.java:321)
	at org.springframework.beans.factory.support.AbstractAutowireCapableBeanFactory.populateBean(AbstractAutowireCapableBeanFactory.java:1348)
	at org.springframework.beans.factory.support.AbstractAutowireCapableBeanFactory.doCreateBean(AbstractAutowireCapableBeanFactory.java:578)
	at org.springframework.beans.factory.support.AbstractAutowireCapableBeanFactory.createBean(AbstractAutowireCapableBeanFactory.java:501)
	at org.springframework.beans.factory.support.AbstractBeanFactory.lambda$doGetBean$0(AbstractBeanFactory.java:317)
	at org.springframework.beans.factory.support.DefaultSingletonBeanRegistry.getSingleton(DefaultSingletonBeanRegistry.java:228)
	at org.springframework.beans.factory.support.AbstractBeanFactory.doGetBean(AbstractBeanFactory.java:315)
	at org.springframework.beans.factory.support.AbstractBeanFactory.getBean(AbstractBeanFactory.java:199)
	at org.springframework.beans.factory.support.DefaultListableBeanFactory.preInstantiateSingletons(DefaultListableBeanFactory.java:760)
	at org.springframework.context.support.AbstractApplicationContext.finishBeanFactoryInitialization(AbstractApplicationContext.java:869)
	at org.springframework.context.support.AbstractApplicationContext.refresh(AbstractApplicationContext.java:550)
	at org.springframework.boot.SpringApplication.refresh(SpringApplication.java:759)
	at org.springframework.boot.SpringApplication.refreshContext(SpringApplication.java:395)
	at org.springframework.boot.SpringApplication.run(SpringApplication.java:327)
	at org.springframework.boot.SpringApplication.run(SpringApplication.java:1255)
	at org.springframework.boot.SpringApplication.run(SpringApplication.java:1243)
	at com.xgn.fzc.Application.main(Application.java:24)
	at sun.reflect.NativeMethodAccessorImpl.invoke0(Native Method)
	at sun.reflect.NativeMethodAccessorImpl.invoke(NativeMethodAccessorImpl.java:62)
	at sun.reflect.DelegatingMethodAccessorImpl.invoke(DelegatingMethodAccessorImpl.java:43)
	at java.lang.reflect.Method.invoke(Method.java:498)
	at org.springframework.boot.maven.AbstractRunMojo$LaunchRunner.run(AbstractRunMojo.java:496)
	at java.lang.Thread.run(Thread.java:748)
Caused by: org.springframework.beans.factory.UnsatisfiedDependencyException: Error creating bean with name 'cmsPageMapper' defined in file [/Users/fanzhengchen/IntellijProjects/springbootlearn/mybatis/target/classes/com/xgn/fzc/mapper/CmsPageMapper.class]: Unsatisfied dependency expressed through bean property 'sqlSessionFactory'; nested exception is org.springframework.beans.factory.BeanCreationException: Error creating bean with name 'sqlSessionFactory' defined in class path resource [org/mybatis/spring/boot/autoconfigure/MybatisAutoConfiguration.class]: Bean instantiation via factory method failed; nested exception is org.springframework.beans.BeanInstantiationException: Failed to instantiate [org.apache.ibatis.session.SqlSessionFactory]: Factory method 'sqlSessionFactory' threw exception; nested exception is java.io.FileNotFoundException: class path resource [mybatis-mapper/*.xml] cannot be opened because it does not exist
	at org.springframework.beans.factory.support.AbstractAutowireCapableBeanFactory.autowireByType(AbstractAutowireCapableBeanFactory.java:1443)
	at org.springframework.beans.factory.support.AbstractAutowireCapableBeanFactory.populateBean(AbstractAutowireCapableBeanFactory.java:1330)
	at org.springframework.beans.factory.support.AbstractAutowireCapableBeanFactory.doCreateBean(AbstractAutowireCapableBeanFactory.java:578)
	at org.springframework.beans.factory.support.AbstractAutowireCapableBeanFactory.createBean(AbstractAutowireCapableBeanFactory.java:501)
	at org.springframework.beans.factory.support.AbstractBeanFactory.lambda$doGetBean$0(AbstractBeanFactory.java:317)
	at org.springframework.beans.factory.support.DefaultSingletonBeanRegistry.getSingleton(DefaultSingletonBeanRegistry.java:228)
	at org.springframework.beans.factory.support.AbstractBeanFactory.doGetBean(AbstractBeanFactory.java:315)
	at org.springframework.beans.factory.support.AbstractBeanFactory.getBean(AbstractBeanFactory.java:199)
	at org.springframework.beans.factory.config.DependencyDescriptor.resolveCandidate(DependencyDescriptor.java:251)
	at org.springframework.beans.factory.support.DefaultListableBeanFactory.doResolveDependency(DefaultListableBeanFactory.java:1138)
	at org.springframework.beans.factory.support.DefaultListableBeanFactory.resolveDependency(DefaultListableBeanFactory.java:1065)
	at org.springframework.context.annotation.CommonAnnotationBeanPostProcessor.autowireResource(CommonAnnotationBeanPostProcessor.java:506)
	at org.springframework.context.annotation.CommonAnnotationBeanPostProcessor.getResource(CommonAnnotationBeanPostProcessor.java:484)
	at org.springframework.context.annotation.CommonAnnotationBeanPostProcessor$ResourceElement.getResourceToInject(CommonAnnotationBeanPostProcessor.java:618)
	at org.springframework.beans.factory.annotation.InjectionMetadata$InjectedElement.inject(InjectionMetadata.java:177)
	at org.springframework.beans.factory.annotation.InjectionMetadata.inject(InjectionMetadata.java:91)
	at org.springframework.context.annotation.CommonAnnotationBeanPostProcessor.postProcessPropertyValues(CommonAnnotationBeanPostProcessor.java:318)
	... 22 common frames omitted
Caused by: org.springframework.beans.factory.BeanCreationException: Error creating bean with name 'sqlSessionFactory' defined in class path resource [org/mybatis/spring/boot/autoconfigure/MybatisAutoConfiguration.class]: Bean instantiation via factory method failed; nested exception is org.springframework.beans.BeanInstantiationException: Failed to instantiate [org.apache.ibatis.session.SqlSessionFactory]: Factory method 'sqlSessionFactory' threw exception; nested exception is java.io.FileNotFoundException: class path resource [mybatis-mapper/*.xml] cannot be opened because it does not exist
	at org.springframework.beans.factory.support.ConstructorResolver.instantiateUsingFactoryMethod(ConstructorResolver.java:587)
	at org.springframework.beans.factory.support.AbstractAutowireCapableBeanFactory.instantiateUsingFactoryMethod(AbstractAutowireCapableBeanFactory.java:1254)
	at org.springframework.beans.factory.support.AbstractAutowireCapableBeanFactory.createBeanInstance(AbstractAutowireCapableBeanFactory.java:1103)
	at org.springframework.beans.factory.support.AbstractAutowireCapableBeanFactory.doCreateBean(AbstractAutowireCapableBeanFactory.java:541)
	at org.springframework.beans.factory.support.AbstractAutowireCapableBeanFactory.createBean(AbstractAutowireCapableBeanFactory.java:501)
	at org.springframework.beans.factory.support.AbstractBeanFactory.lambda$doGetBean$0(AbstractBeanFactory.java:317)
	at org.springframework.beans.factory.support.DefaultSingletonBeanRegistry.getSingleton(DefaultSingletonBeanRegistry.java:228)
	at org.springframework.beans.factory.support.AbstractBeanFactory.doGetBean(AbstractBeanFactory.java:315)
	at org.springframework.beans.factory.support.AbstractBeanFactory.getBean(AbstractBeanFactory.java:199)
	at org.springframework.beans.factory.config.DependencyDescriptor.resolveCandidate(DependencyDescriptor.java:251)
	at org.springframework.beans.factory.support.DefaultListableBeanFactory.doResolveDependency(DefaultListableBeanFactory.java:1138)
	at org.springframework.beans.factory.support.DefaultListableBeanFactory.resolveDependency(DefaultListableBeanFactory.java:1065)
	at org.springframework.beans.factory.support.AbstractAutowireCapableBeanFactory.autowireByType(AbstractAutowireCapableBeanFactory.java:1428)
	... 38 common frames omitted
Caused by: org.springframework.beans.BeanInstantiationException: Failed to instantiate [org.apache.ibatis.session.SqlSessionFactory]: Factory method 'sqlSessionFactory' threw exception; nested exception is java.io.FileNotFoundException: class path resource [mybatis-mapper/*.xml] cannot be opened because it does not exist
	at org.springframework.beans.factory.support.SimpleInstantiationStrategy.instantiate(SimpleInstantiationStrategy.java:185)
	at org.springframework.beans.factory.support.ConstructorResolver.instantiateUsingFactoryMethod(ConstructorResolver.java:579)
	... 50 common frames omitted
Caused by: java.io.FileNotFoundException: class path resource [mybatis-mapper/*.xml] cannot be opened because it does not exist
	at org.springframework.core.io.ClassPathResource.getInputStream(ClassPathResource.java:180)
	at org.mybatis.spring.SqlSessionFactoryBean.buildSqlSessionFactory(SqlSessionFactoryBean.java:406)
	at org.mybatis.spring.SqlSessionFactoryBean.afterPropertiesSet(SqlSessionFactoryBean.java:380)
	at org.mybatis.spring.SqlSessionFactoryBean.getObject(SqlSessionFactoryBean.java:547)
	at org.mybatis.spring.boot.autoconfigure.MybatisAutoConfiguration.sqlSessionFactory(MybatisAutoConfiguration.java:153)
	at org.mybatis.spring.boot.autoconfigure.MybatisAutoConfiguration$$EnhancerBySpringCGLIB$$4710f395.CGLIB$sqlSessionFactory$0(<generated>)
	at org.mybatis.spring.boot.autoconfigure.MybatisAutoConfiguration$$EnhancerBySpringCGLIB$$4710f395$$FastClassBySpringCGLIB$$9c901179.invoke(<generated>)
	at org.springframework.cglib.proxy.MethodProxy.invokeSuper(MethodProxy.java:228)
	at org.springframework.context.annotation.ConfigurationClassEnhancer$BeanMethodInterceptor.intercept(ConfigurationClassEnhancer.java:361)
	at org.mybatis.spring.boot.autoconfigure.MybatisAutoConfiguration$$EnhancerBySpringCGLIB$$4710f395.sqlSessionFactory(<generated>)
	at sun.reflect.NativeMethodAccessorImpl.invoke0(Native Method)
	at sun.reflect.NativeMethodAccessorImpl.invoke(NativeMethodAccessorImpl.java:62)
	at sun.reflect.DelegatingMethodAccessorImpl.invoke(DelegatingMethodAccessorImpl.java:43)
	at java.lang.reflect.Method.invoke(Method.java:498)
	at org.springframework.beans.factory.support.SimpleInstantiationStrategy.instantiate(SimpleInstantiationStrategy.java:154)
	... 51 common frames omitted
11:50:00.364 [main] INFO  com.xgn.fzc.Application - (StartupInfoLogger.java:5011:50:00.368 [main] INFO  com.xgn.fzc.Application - (SpringApplication.java:65911:50:00.407 [main] INFO  o.s.c.a.AnnotationConfigApplicationContext - (AbstractApplicationContext.java:59011:50:01.364 [main] INFO  com.zaxxer.hikari.HikariDataSource - (HikariDataSource.java:11011:50:01.626 [main] INFO  com.zaxxer.hikari.HikariDataSource - (HikariDataSource.java:12311:50:01.662 [main] INFO  o.s.o.j.LocalContainerEntityManagerFactoryBean - (LocalContainerEntityManagerFactoryBean.java:36111:50:01.681 [main] INFO  o.h.jpa.internal.util.LogHelper - (LogHelper.java:3111:50:01.745 [main] INFO  org.hibernate.Version - (Version.java:4511:50:01.746 [main] INFO  org.hibernate.cfg.Environment - (Environment.java:21311:50:01.780 [main] INFO  o.h.annotations.common.Version - (JavaReflectionManager.java:6611:50:01.895 [main] INFO  org.hibernate.dialect.Dialect - (Dialect.java:15711:50:02.317 [main] INFO  o.s.o.j.LocalContainerEntityManagerFactoryBean - (AbstractEntityManagerFactoryBean.java:41511:50:02.851 [main] INFO  o.h.h.i.QueryTranslatorFactoryInitiator - (QueryTranslatorFactoryInitiator.java:4711:50:03.181 [main] INFO  o.s.j.e.a.AnnotationMBeanExporter - (MBeanExporter.java:43311:50:03.182 [main] INFO  o.s.j.e.a.AnnotationMBeanExporter - (MBeanExporter.java:89511:50:03.187 [main] INFO  o.s.j.e.a.AnnotationMBeanExporter - (MBeanExporter.java:66811:50:03.201 [main] INFO  com.xgn.fzc.Application - (StartupInfoLogger.java:5911:50:03.255 [main] INFO  com.xgn.fzc.AppTask - (AppTask.java:4011:50:03.516 [Thread-2] INFO  o.s.c.a.AnnotationConfigApplicationContext - (AbstractApplicationContext.java:99311:50:03.518 [Thread-2] INFO  o.s.j.e.a.AnnotationMBeanExporter - (MBeanExporter.java:45111:50:03.519 [Thread-2] INFO  o.s.j.e.a.AnnotationMBeanExporter - (MBeanRegistrationSupport.java:18311:50:03.521 [Thread-2] INFO  o.s.o.j.LocalContainerEntityManagerFactoryBean - (AbstractEntityManagerFactoryBean.java:59711:50:03.522 [Thread-2] INFO  com.zaxxer.hikari.HikariDataSource - (HikariDataSource.java:38111:50:03.529 [Thread-2] INFO  com.zaxxer.hikari.HikariDataSource - (HikariDataSource.java:38311:50:29.887 [main] INFO  com.xgn.fzc.Application - (StartupInfoLogger.java:5011:50:29.891 [main] INFO  com.xgn.fzc.Application - (SpringApplication.java:65911:50:29.946 [main] INFO  o.s.c.a.AnnotationConfigApplicationContext - (AbstractApplicationContext.java:59011:50:31.046 [main] INFO  com.zaxxer.hikari.HikariDataSource - (HikariDataSource.java:11011:50:31.342 [main] INFO  com.zaxxer.hikari.HikariDataSource - (HikariDataSource.java:12311:50:31.382 [main] INFO  o.s.o.j.LocalContainerEntityManagerFactoryBean - (LocalContainerEntityManagerFactoryBean.java:36111:50:31.403 [main] INFO  o.h.jpa.internal.util.LogHelper - (LogHelper.java:3111:50:31.479 [main] INFO  org.hibernate.Version - (Version.java:4511:50:31.481 [main] INFO  org.hibernate.cfg.Environment - (Environment.java:21311:50:31.524 [main] INFO  o.h.annotations.common.Version - (JavaReflectionManager.java:6611:50:31.664 [main] INFO  org.hibernate.dialect.Dialect - (Dialect.java:15711:50:32.193 [main] INFO  o.s.o.j.LocalContainerEntityManagerFactoryBean - (AbstractEntityManagerFactoryBean.java:41511:50:32.845 [main] INFO  o.h.h.i.QueryTranslatorFactoryInitiator - (QueryTranslatorFactoryInitiator.java:4711:50:33.219 [main] INFO  o.s.j.e.a.AnnotationMBeanExporter - (MBeanExporter.java:43311:50:33.220 [main] INFO  o.s.j.e.a.AnnotationMBeanExporter - (MBeanExporter.java:89511:50:33.226 [main] INFO  o.s.j.e.a.AnnotationMBeanExporter - (MBeanExporter.java:66811:50:33.240 [main] INFO  com.xgn.fzc.Application - (StartupInfoLogger.java:5911:50:33.295 [main] INFO  com.xgn.fzc.AppTask - (AppTask.java:40